faceless/build/outputs/logs/manifest-merger-debug-report.txt
-- Merging decision tree log ---
manifest
ADDED from src\main\AndroidManifest.xml:2:1-109:12
	xmlns:android
		ADDED from src\main\AndroidManifest.xml:3:5-63
	package
		ADDED from src\main\AndroidManifest.xml:4:5-34
		INJECTED from src\main\AndroidManifest.xml
		INJECTED from src\main\AndroidManifest.xml
	android:versionName
		ADDED from src\main\AndroidManifest.xml:6:5-32
		INJECTED from src\main\AndroidManifest.xml
		INJECTED from src\main\AndroidManifest.xml
	android:versionCode
		ADDED from src\main\AndroidManifest.xml:5:5-29
		INJECTED from src\main\AndroidManifest.xml
		INJECTED from src\main\AndroidManifest.xml
	android:installLocation
		ADDED from src\main\AndroidManifest.xml:7:5-43
uses-sdk
ADDED from src\main\AndroidManifest.xml:8:5-10:41
MERGED from [Faceless_as:androidCountriesmaster:unspecified] AndroidManifest.xml:5:5-7:41
MERGED from [Faceless_as:androidTimemaster:unspecified] AndroidManifest.xml:5:5-7:41
	android:targetSdkVersion
		ADDED from src\main\AndroidManifest.xml:10:9-38
		INJECTED from src\main\AndroidManifest.xml
		INJECTED from src\main\AndroidManifest.xml
	android:minSdkVersion
		ADDED from src\main\AndroidManifest.xml:9:9-35
		INJECTED from src\main\AndroidManifest.xml
		INJECTED from src\main\AndroidManifest.xml
uses-permission#android.permission.READ_CONTACTS
ADDED from src\main\AndroidManifest.xml:11:5-72
	android:name
		ADDED from src\main\AndroidManifest.xml:11:22-69
uses-permission#android.permission.READ_PHONE_STATE
ADDED from src\main\AndroidManifest.xml:12:5-75
	android:name
		ADDED from src\main\AndroidManifest.xml:12:22-72
uses-permission#android.permission.ACCESS_COARSE_LOCATION
ADDED from src\main\AndroidManifest.xml:13:5-81
	android:name
		ADDED from src\main\AndroidManifest.xml:13:22-78
uses-permission#android.permission.INTERNET
ADDED from src\main\AndroidManifest.xml:14:5-67
	android:name
		ADDED from src\main\AndroidManifest.xml:14:22-64
uses-permission#android.permission.RECEIVE_BOOT_COMPLETED
ADDED from src\main\AndroidManifest.xml:15:5-81
	android:name
		ADDED from src\main\AndroidManifest.xml:15:22-78
uses-feature#android.hardware.telephony
ADDED from src\main\AndroidManifest.xml:16:5-18:35
	android:required
		ADDED from src\main\AndroidManifest.xml:18:9-32
	android:name
		ADDED from src\main\AndroidManifest.xml:17:9-50
application
ADDED from src\main\AndroidManifest.xml:19:5-108:19
MERGED from [Faceless_as:androidCountriesmaster:unspecified] AndroidManifest.xml:9:5-20
MERGED from [Faceless_as:androidTimemaster:unspecified] AndroidManifest.xml:9:5-20
MERGED from [Faceless_as:actionBarPullToRefresh:unspecified] AndroidManifest.xml:5:5-20
MERGED from [Faceless_as:smoothProgressBarLib:unspecified] AndroidManifest.xml:6:5-20
MERGED from [Faceless_as:smoothProgressBarLib:unspecified] AndroidManifest.xml:6:5-20
	android:label
		ADDED from src\main\AndroidManifest.xml:22:9-41
	android:allowBackup
		ADDED from src\main\AndroidManifest.xml:20:9-36
	android:icon
		ADDED from src\main\AndroidManifest.xml:21:9-45
	android:theme
		ADDED from src\main\AndroidManifest.xml:24:9-53
	android:name
		ADDED from src\main\AndroidManifest.xml:23:9-47
activity#im.delight.faceless.ActivityMain
ADDED from src\main\AndroidManifest.xml:25:9-35:20
	android:windowSoftInputMode
		ADDED from src\main\AndroidManifest.xml:29:13-55
	android:screenOrientation
		ADDED from src\main\AndroidManifest.xml:28:13-49
	android:label
		ADDED from src\main\AndroidManifest.xml:27:13-45
	android:name
		ADDED from src\main\AndroidManifest.xml:26:13-60
	android:launchMode
		ADDED from src\main\AndroidManifest.xml:30:13-44
intent-filter#android.intent.action.MAIN+android.intent.category.LAUNCHER
ADDED from src\main\AndroidManifest.xml:31:13-34:29
action#android.intent.action.MAIN
ADDED from src\main\AndroidManifest.xml:32:17-69
	android:name
		ADDED from src\main\AndroidManifest.xml:32:25-66
category#android.intent.category.LAUNCHER
ADDED from src\main\AndroidManifest.xml:33:17-77
	android:name
		ADDED from src\main\AndroidManifest.xml:33:27-74
activity#im.delight.faceless.ActivityDetails
ADDED from src\main\AndroidManifest.xml:36:9-41:47
	android:windowSoftInputMode
		ADDED from src\main\AndroidManifest.xml:40:13-55
	android:screenOrientation
		ADDED from src\main\AndroidManifest.xml:39:13-49
	android:label
		ADDED from src\main\AndroidManifest.xml:38:13-49
	android:name
		ADDED from src\main\AndroidManifest.xml:37:13-44
	android:launchMode
		ADDED from src\main\AndroidManifest.xml:41:13-44
activity#im.delight.faceless.ActivityAdd
ADDED from src\main\AndroidManifest.xml:42:9-53:14
	android:windowSoftInputMode
		ADDED from src\main\AndroidManifest.xml:46:13-55
	android:screenOrientation
		ADDED from src\main\AndroidManifest.xml:45:13-49
	android:label
		ADDED from src\main\AndroidManifest.xml:44:13-47
	android:name
		ADDED from src\main\AndroidManifest.xml:43:13-40
	android:launchMode
		ADDED from src\main\AndroidManifest.xml:47:13-44
intent-filter#android.intent.action.SEND+android.intent.category.DEFAULT
ADDED from src\main\AndroidManifest.xml:48:4-52:20
action#android.intent.action.SEND
ADDED from src\main\AndroidManifest.xml:49:5-57
	android:name
		ADDED from src\main\AndroidManifest.xml:49:13-54
category#android.intent.category.DEFAULT
ADDED from src\main\AndroidManifest.xml:50:5-64
	android:name
		ADDED from src\main\AndroidManifest.xml:50:15-61
data
ADDED from src\main\AndroidManifest.xml:51:5-43
	android:mimeType
		ADDED from src\main\AndroidManifest.xml:51:11-40
activity#im.delight.faceless.ActivitySetup
ADDED from src\main\AndroidManifest.xml:54:9-59:47
	android:windowSoftInputMode
		ADDED from src\main\AndroidManifest.xml:58:13-55
	android:screenOrientation
		ADDED from src\main\AndroidManifest.xml:57:13-49
	android:label
		ADDED from src\main\AndroidManifest.xml:56:13-42
	android:name
		ADDED from src\main\AndroidManifest.xml:55:13-42
	android:launchMode
		ADDED from src\main\AndroidManifest.xml:59:13-44
activity#im.delight.faceless.ActivityIntro
ADDED from src\main\AndroidManifest.xml:60:9-65:47
	android:windowSoftInputMode
		ADDED from src\main\AndroidManifest.xml:64:13-55
	android:screenOrientation
		ADDED from src\main\AndroidManifest.xml:63:13-49
	android:label
		ADDED from src\main\AndroidManifest.xml:62:13-42
	android:name
		ADDED from src\main\AndroidManifest.xml:61:13-42
	android:launchMode
		ADDED from src\main\AndroidManifest.xml:65:13-44
activity#im.delight.faceless.ActivityAbout
ADDED from src\main\AndroidManifest.xml:66:9-71:47
	android:windowSoftInputMode
		ADDED from src\main\AndroidManifest.xml:70:13-55
	android:screenOrientation
		ADDED from src\main\AndroidManifest.xml:69:13-49
	android:label
		ADDED from src\main\AndroidManifest.xml:68:13-48
	android:name
		ADDED from src\main\AndroidManifest.xml:67:13-42
	android:launchMode
		ADDED from src\main\AndroidManifest.xml:71:13-44
activity#im.delight.faceless.ActivitySubscriptions
ADDED from src\main\AndroidManifest.xml:72:9-77:47
	android:windowSoftInputMode
		ADDED from src\main\AndroidManifest.xml:76:13-55
	android:screenOrientation
		ADDED from src\main\AndroidManifest.xml:75:13-49
	android:label
		ADDED from src\main\AndroidManifest.xml:74:13-50
	android:name
		ADDED from src\main\AndroidManifest.xml:73:13-50
	android:launchMode
		ADDED from src\main\AndroidManifest.xml:77:13-44
activity#im.delight.faceless.ActivitySettings
ADDED from src\main\AndroidManifest.xml:78:9-84:47
	android:windowSoftInputMode
		ADDED from src\main\AndroidManifest.xml:82:13-55
	android:screenOrientation
		ADDED from src\main\AndroidManifest.xml:81:13-49
	android:label
		ADDED from src\main\AndroidManifest.xml:80:13-52
	android:theme
		ADDED from src\main\AndroidManifest.xml:84:13-44
	android:name
		ADDED from src\main\AndroidManifest.xml:79:13-45
	android:launchMode
		ADDED from src\main\AndroidManifest.xml:83:13-44
activity#im.delight.faceless.ActivityInvite
ADDED from src\main\AndroidManifest.xml:85:9-91:47
	android:windowSoftInputMode
		ADDED from src\main\AndroidManifest.xml:89:13-55
	android:screenOrientation
		ADDED from src\main\AndroidManifest.xml:88:13-49
	android:label
		ADDED from src\main\AndroidManifest.xml:87:13-50
	android:theme
		ADDED from src\main\AndroidManifest.xml:91:13-44
	android:name
		ADDED from src\main\AndroidManifest.xml:86:13-43
	android:launchMode
		ADDED from src\main\AndroidManifest.xml:90:13-44
service#im.delight.faceless.ContactsUpdater
ADDED from src\main\AndroidManifest.xml:92:9-94:38
	android:enabled
		ADDED from src\main\AndroidManifest.xml:94:13-35
	android:name
		ADDED from src\main\AndroidManifest.xml:93:13-63
service#im.delight.faceless.GeneralNotifications
ADDED from src\main\AndroidManifest.xml:95:9-97:38
	android:enabled
		ADDED from src\main\AndroidManifest.xml:97:13-35
	android:name
		ADDED from src\main\AndroidManifest.xml:96:13-68
service#im.delight.faceless.SubscriptionNotifications
ADDED from src\main\AndroidManifest.xml:98:9-100:38
	android:enabled
		ADDED from src\main\AndroidManifest.xml:100:13-35
	android:name
		ADDED from src\main\AndroidManifest.xml:99:13-73
receiver#im.delight.faceless.BootReceiver
ADDED from src\main\AndroidManifest.xml:101:3-107:14
	android:enabled
		ADDED from src\main\AndroidManifest.xml:103:7-29
	android:name
		ADDED from src\main\AndroidManifest.xml:102:7-35
intent-filter#android.intent.action.BOOT_COMPLETED
ADDED from src\main\AndroidManifest.xml:104:4-106:20
action#android.intent.action.BOOT_COMPLETED
ADDED from src\main\AndroidManifest.xml:105:5-67
	android:name
		ADDED from src\main\AndroidManifest.xml:105:13-64
android:uses-permission#android.permission.WRITE_EXTERNAL_STORAGE
IMPLIED from src\main\AndroidManifest.xml:2:1-109:12 reason: uk.co.senab.actionbarpulltorefresh.library has a targetSdkVersion < 4
android:uses-permission#android.permission.READ_EXTERNAL_STORAGE
IMPLIED from src\main\AndroidManifest.xml:2:1-109:12 reason: uk.co.senab.actionbarpulltorefresh.library requested WRITE_EXTERNAL_STORAGE